<?xml version="1.0" encoding="UTF-8"?>
<testsuite xmlns:xsi="http://www.w3.org/2001/XMLSchema-instance" xsi:noNamespaceSchemaLocation="https://maven.apache.org/surefire/maven-surefire-plugin/xsd/surefire-test-report.xsd" name="com.chifuqi.AppTest" time="0.033" tests="1" errors="0" skipped="0" failures="0">
  <properties>
    <property name="sun.desktop" value="windows"/>
    <property name="awt.toolkit" value="sun.awt.windows.WToolkit"/>
    <property name="file.encoding.pkg" value="sun.io"/>
    <property name="java.specification.version" value="1.8"/>
    <property name="sun.cpu.isalist" value="amd64"/>
    <property name="sun.jnu.encoding" value="GBK"/>
    <property name="java.class.path" value="D:\sound_code\IdeaProjects\gp\myself_test\rpc-server\rpc-server-api\target\test-classes;D:\sound_code\IdeaProjects\gp\myself_test\rpc-server\rpc-server-api\target\classes;D:\Tools\maven-3.5.4\maven-Repository\junit\junit\4.11\junit-4.11.jar;D:\Tools\maven-3.5.4\maven-Repository\org\hamcrest\hamcrest-core\1.3\hamcrest-core-1.3.jar;"/>
    <property name="java.vm.vendor" value="Oracle Corporation"/>
    <property name="sun.arch.data.model" value="64"/>
    <property name="user.variant" value=""/>
    <property name="java.vendor.url" value="http://java.oracle.com/"/>
    <property name="user.timezone" value="Asia/Shanghai"/>
    <property name="java.vm.specification.version" value="1.8"/>
    <property name="os.name" value="Windows 10"/>
    <property name="user.country" value="CN"/>
    <property name="sun.java.launcher" value="SUN_STANDARD"/>
    <property name="sun.boot.library.path" value="D:\Tools\Java\jdk1.8.0_151\jre\bin"/>
    <property name="sun.java.command" value="C:\Users\郗富琦\AppData\Local\Temp\surefire2008994971096287934\surefirebooter4187220009649507898.jar C:\Users\郗富琦\AppData\Local\Temp\surefire2008994971096287934 2019-06-09T00-01-32_255-jvmRun1 surefire2527719672162125074tmp surefire_02052863083569737917tmp"/>
    <property name="surefire.test.class.path" value="D:\sound_code\IdeaProjects\gp\myself_test\rpc-server\rpc-server-api\target\test-classes;D:\sound_code\IdeaProjects\gp\myself_test\rpc-server\rpc-server-api\target\classes;D:\Tools\maven-3.5.4\maven-Repository\junit\junit\4.11\junit-4.11.jar;D:\Tools\maven-3.5.4\maven-Repository\org\hamcrest\hamcrest-core\1.3\hamcrest-core-1.3.jar;"/>
    <property name="sun.cpu.endian" value="little"/>
    <property name="user.home" value="C:\Users\郗富琦"/>
    <property name="user.language" value="zh"/>
    <property name="java.specification.vendor" value="Oracle Corporation"/>
    <property name="java.home" value="D:\Tools\Java\jdk1.8.0_151\jre"/>
    <property name="basedir" value="D:\sound_code\IdeaProjects\gp\myself_test\rpc-server\rpc-server-api"/>
    <property name="file.separator" value="\"/>
    <property name="line.separator" value="&#10;"/>
    <property name="java.vm.specification.vendor" value="Oracle Corporation"/>
    <property name="java.specification.name" value="Java Platform API Specification"/>
    <property name="java.awt.graphicsenv" value="sun.awt.Win32GraphicsEnvironment"/>
    <property name="surefire.real.class.path" value="C:\Users\郗富琦\AppData\Local\Temp\surefire2008994971096287934\surefirebooter4187220009649507898.jar"/>
    <property name="sun.boot.class.path" value="D:\Tools\Java\jdk1.8.0_151\jre\lib\resources.jar;D:\Tools\Java\jdk1.8.0_151\jre\lib\rt.jar;D:\Tools\Java\jdk1.8.0_151\jre\lib\sunrsasign.jar;D:\Tools\Java\jdk1.8.0_151\jre\lib\jsse.jar;D:\Tools\Java\jdk1.8.0_151\jre\lib\jce.jar;D:\Tools\Java\jdk1.8.0_151\jre\lib\charsets.jar;D:\Tools\Java\jdk1.8.0_151\jre\lib\jfr.jar;D:\Tools\Java\jdk1.8.0_151\jre\classes"/>
    <property name="user.script" value=""/>
    <property name="sun.management.compiler" value="HotSpot 64-Bit Tiered Compilers"/>
    <property name="java.runtime.version" value="1.8.0_151-b12"/>
    <property name="user.name" value="郗富琦"/>
    <property name="path.separator" value=";"/>
    <property name="os.version" value="10.0"/>
    <property name="java.endorsed.dirs" value="D:\Tools\Java\jdk1.8.0_151\jre\lib\endorsed"/>
    <property name="java.runtime.name" value="Java(TM) SE Runtime Environment"/>
    <property name="file.encoding" value="GBK"/>
    <property name="java.vm.name" value="Java HotSpot(TM) 64-Bit Server VM"/>
    <property name="localRepository" value="D:\Tools\maven-3.5.4\maven-Repository"/>
    <property name="java.vendor.url.bug" value="http://bugreport.sun.com/bugreport/"/>
    <property name="java.io.tmpdir" value="C:\Users\郗富琦\AppData\Local\Temp\"/>
    <property name="idea.version" value="2018.3.4"/>
    <property name="java.version" value="1.8.0_151"/>
    <property name="user.dir" value="D:\sound_code\IdeaProjects\gp\myself_test\rpc-server\rpc-server-api"/>
    <property name="os.arch" value="amd64"/>
    <property name="java.vm.specification.name" value="Java Virtual Machine Specification"/>
    <property name="java.awt.printerjob" value="sun.awt.windows.WPrinterJob"/>
    <property name="sun.os.patch.level" value=""/>
    <property name="java.library.path" value="D:\Tools\Java\jdk1.8.0_151\jre\bin;C:\WINDOWS\Sun\Java\bin;C:\WINDOWS\system32;C:\WINDOWS;C:\Program Files (x86)\NetSarang\Xshell 6\;C:\Program Files (x86)\NetSarang\Xftp 6\;C:\WINDOWS\system32;C:\WINDOWS;C:\WINDOWS\System32\Wbem;C:\WINDOWS\System32\WindowsPowerShell\v1.0\;D:\Tools\Java\jdk1.8.0_151\bin;D:\Tools\Java\jdk1.8.0_151\jre\bin;D:\Tools\maven-3.5.4\apache-maven-3.5.4\bin;C:\WINDOWS\System32\OpenSSH\;D:\Tools\mysql-5.7.22-winx64\bin;C:\Program Files\nodejs\;C:\Program Files\Intel\WiFi\bin\;C:\Program Files\Common Files\Intel\WirelessCommon\;C:\Program Files\TortoiseSVN\bin;C:\Program Files (x86)\Rational\common;D:\Tools\jad158g;C:\Program Files\Git\cmd;C:\Program Files\NVIDIA Corporation\NVIDIA NvDLISR;C:\Users\郗富琦\AppData\Local\Programs\Python\Python37\Scripts\;C:\Users\郗富琦\AppData\Local\Programs\Python\Python37\;C:\Users\郗富琦\AppData\Local\Microsoft\WindowsApps;C:\Users\郗富琦\AppData\Roaming\npm;C:\Users\郗富琦\AppData\Local\Programs\Fiddler;."/>
    <property name="java.vm.info" value="mixed mode"/>
    <property name="java.vendor" value="Oracle Corporation"/>
    <property name="java.vm.version" value="25.151-b12"/>
    <property name="java.ext.dirs" value="D:\Tools\Java\jdk1.8.0_151\jre\lib\ext;C:\WINDOWS\Sun\Java\lib\ext"/>
    <property name="sun.io.unicode.encoding" value="UnicodeLittle"/>
    <property name="java.class.version" value="52.0"/>
  </properties>
  <testcase name="shouldAnswerWithTrue" classname="com.chifuqi.AppTest" time="0.001"/>
</testsuite>